\BOOKMARK [-1][-]{part.1}{\376\377\000I\000\040\000I\000n\000t\000r\000o\000d\000u\000z\000i\000o\000n\000e\000\040\000a\000\040\000L\000i\000n\000u\000x}{}% 1
\BOOKMARK [0][-]{chapter.1}{\376\377\000L\000i\000n\000u\000x\000\040\000-\000\040\000C\000e\000n\000n\000i\000\040\000S\000t\000o\000r\000i\000c\000i}{part.1}% 2
\BOOKMARK [1][-]{section.1.1}{\376\377\000P\000r\000e\000d\000e\000c\000e\000s\000s\000o\000r\000i\000\040\000d\000i\000\040\000L\000i\000n\000u\000x}{chapter.1}% 3
\BOOKMARK [2][-]{subsection.1.1.1}{\376\377\0001\0009\0006\0009\000\040\000-\000\040\000U\000n\000i\000x}{section.1.1}% 4
\BOOKMARK [2][-]{subsection.1.1.2}{\376\377\0001\0009\0009\0000\000\040\000-\000\040\000P\000O\000S\000I\000X\000\040\000S\000t\000a\000n\000d\000a\000r\000d}{section.1.1}% 5
\BOOKMARK [1][-]{section.1.2}{\376\377\000G\000N\000U\000/\000L\000I\000N\000U\000X}{chapter.1}% 6
\BOOKMARK [2][-]{subsection.1.2.1}{\376\377\000D\000i\000s\000t\000r\000i\000b\000u\000z\000i\000o\000n\000i\000\040\000N\000o\000t\000e\000v\000o\000l\000i}{section.1.2}% 7
\BOOKMARK [0][-]{chapter.2}{\376\377\000R\000i\000g\000a\000\040\000d\000i\000\040\000C\000o\000m\000a\000n\000d\000o}{part.1}% 8
\BOOKMARK [1][-]{subsection.2.0.1}{\376\377\000E\000l\000e\000m\000e\000n\000t\000i\000\040\000d\000e\000l\000l\000a\000\040\000s\000h\000e\000l\000l}{chapter.2}% 9
\BOOKMARK [0][-]{chapter.3}{\376\377\000S\000t\000r\000u\000t\000t\000u\000r\000a\000\040\000d\000e\000l\000l\000e\000\040\000C\000a\000r\000t\000e\000l\000l\000e\000\040\000i\000n\000\040\000L\000i\000n\000u\000x}{part.1}% 10
\BOOKMARK [1][-]{section.3.1}{\376\377\000S\000t\000r\000u\000t\000t\000u\000r\000a\000\040\000a\000d\000\040\000a\000l\000b\000e\000r\000o\000\040\000-\000\040\000F\000i\000l\000e\000s\000y\000s\000t\000e\000m\000\040\000T\000r\000e\000e}{chapter.3}% 11
\BOOKMARK [2][-]{subsection.3.1.1}{\376\377\000G\000e\000s\000t\000i\000o\000n\000e\000\040\000d\000e\000i\000\040\000F\000i\000l\000e\000s}{section.3.1}% 12
\BOOKMARK [1][-]{section.3.2}{\376\377\000C\000a\000n\000a\000l\000i\000\040\000I\000/\000O}{chapter.3}% 13
\BOOKMARK [2][-]{subsection.3.2.1}{\376\377\000V\000i\000s\000u\000a\000l\000i\000z\000z\000a\000z\000i\000o\000n\000e\000\040\000e\000\040\000R\000i\000c\000e\000r\000c\000a}{section.3.2}% 14
\BOOKMARK [0][-]{chapter.4}{\376\377\000U\000t\000e\000n\000t\000i\000\040\000e\000\040\000P\000r\000o\000c\000e\000s\000s\000i}{part.1}% 15
\BOOKMARK [1][-]{section.4.1}{\376\377\000P\000e\000r\000m\000e\000s\000s\000i}{chapter.4}% 16
\BOOKMARK [2][-]{subsection.4.1.1}{\376\377\000C\000a\000m\000b\000i\000a\000r\000e\000\040\000i\000\040\000p\000e\000r\000m\000e\000s\000s\000i}{section.4.1}% 17
\BOOKMARK [1][-]{section.4.2}{\376\377\000G\000e\000s\000t\000i\000o\000n\000e\000\040\000d\000e\000i\000\040\000P\000r\000o\000c\000e\000s\000s\000i}{chapter.4}% 18
\BOOKMARK [0][-]{chapter.5}{\376\377\000S\000t\000r\000u\000m\000e\000n\000t\000i\000\040\000e\000\040\000U\000t\000i\000l\000i\000t\000i\000e\000s}{part.1}% 19
\BOOKMARK [1][-]{section.5.1}{\376\377\000L\000'\000e\000d\000i\000t\000o\000r\000\040\000d\000i\000\040\000t\000e\000s\000t\000o\000\040\000V\000I\000M}{chapter.5}% 20
\BOOKMARK [1][-]{section.5.2}{\376\377\000S\000h\000e\000l\000l\000\040\000S\000c\000r\000i\000p\000t\000s}{chapter.5}% 21
\BOOKMARK [0][-]{chapter.6}{\376\377\000V\000a\000r\000i\000a\000b\000i\000l\000i\000\040\000d\000i\000\040\000A\000m\000b\000i\000e\000n\000t\000e}{part.1}% 22
\BOOKMARK [1][-]{section.6.1}{\376\377\000C\000a\000r\000a\000t\000t\000e\000r\000i\000s\000t\000i\000c\000h\000e}{chapter.6}% 23
\BOOKMARK [2][-]{subsection.6.1.1}{\376\377\000V\000i\000n\000c\000o\000l\000i}{section.6.1}% 24
\BOOKMARK [2][-]{subsection.6.1.2}{\376\377\000M\000o\000d\000u\000l\000i\000\040\000d\000i\000\040\000A\000m\000b\000i\000e\000n\000t\000e}{section.6.1}% 25
\BOOKMARK [1][-]{section.6.2}{\376\377\000E\000s\000e\000m\000p\000i\000\040\000d\000i\000\040\000u\000t\000i\000l\000i\000z\000z\000o\000\040\000n\000e\000l\000l\000a\000\040\000s\000h\000e\000l\000l\000\040\000t\000e\000s\000t\000u\000a\000l\000e\000.}{chapter.6}% 26
\BOOKMARK [1][-]{section.6.4}{\376\377\000V\000a\000r\000i\000a\000b\000i\000l\000i\000\040\000d\000i\000\040\000a\000m\000b\000i\000e\000n\000t\000e\000\040\000n\000o\000t\000e\000v\000o\000l\000i}{chapter.6}% 27
\BOOKMARK [2][-]{subsection.6.4.1}{\376\377\000E\000D\000I\000T\000O\000R\000\040\000e\000\040\000V\000I\000S\000U\000A\000L}{section.6.4}% 28
\BOOKMARK [2][-]{subsection.6.4.2}{\376\377\000E\000N\000V}{section.6.4}% 29
\BOOKMARK [2][-]{subsection.6.4.3}{\376\377\000H\000O\000M\000E}{section.6.4}% 30
\BOOKMARK [2][-]{subsection.6.4.4}{\376\377\000h\000t\000t\000p\000\040\000p\000r\000o\000x\000y\000\040\000e\000\040\000f\000t\000p\000\040\000p\000r\000o\000x\000y}{section.6.4}% 31
\BOOKMARK [2][-]{subsection.6.4.5}{\376\377\000L\000A\000N\000G}{section.6.4}% 32
\BOOKMARK [2][-]{subsection.6.4.6}{\376\377\000L\000D\000\040\000L\000I\000B\000R\000A\000R\000Y\000\040\000P\000A\000T\000H}{section.6.4}% 33
\BOOKMARK [2][-]{subsection.6.4.7}{\376\377\000L\000D\000\040\000P\000R\000E\000L\000O\000A\000D}{section.6.4}% 34
\BOOKMARK [2][-]{subsection.6.4.8}{\376\377\000M\000A\000N\000P\000A\000T\000H}{section.6.4}% 35
\BOOKMARK [2][-]{subsection.6.4.9}{\376\377\000P\000A\000T\000H}{section.6.4}% 36
\BOOKMARK [2][-]{subsection.6.4.10}{\376\377\000P\000O\000S\000I\000X\000L\000Y\000\040\000C\000O\000R\000R\000E\000C\000T}{section.6.4}% 37
\BOOKMARK [2][-]{subsection.6.4.11}{\376\377\000T\000M\000P\000D\000I\000R}{section.6.4}% 38
\BOOKMARK [2][-]{subsection.6.4.12}{\376\377\000T\000E\000R\000M}{section.6.4}% 39
\BOOKMARK [2][-]{subsection.6.4.13}{\376\377\000T\000Z}{section.6.4}% 40
\BOOKMARK [0][-]{chapter.7}{\376\377\000I\000n\000f\000o\000r\000m\000a\000z\000i\000o\000n\000i\000\040\000e\000\040\000C\000o\000n\000f\000i\000g\000u\000r\000a\000z\000i\000o\000n\000e\000\040\000d\000i\000\040\000S\000i\000s\000t\000e\000m\000a}{part.1}% 41
\BOOKMARK [1][-]{section.7.1}{\376\377\000L\000a\000\040\000c\000a\000r\000t\000e\000l\000l\000a\000\040\000/\000p\000r\000o\000c}{chapter.7}% 42
\BOOKMARK [2][-]{subsection.7.1.1}{\376\377\000I\000n\000f\000o\000r\000m\000a\000z\000i\000o\000n\000i\000\040\000s\000u\000\040\000C\000P\000U\000\040\000e\000\040\000R\000A\000M}{section.7.1}% 43
\BOOKMARK [1][-]{section.7.2}{\376\377\000C\000o\000n\000f\000i\000g\000u\000r\000a\000z\000i\000o\000n\000e\000\040\000d\000e\000l\000l\000a\000\040\000S\000h\000e\000l\000l}{chapter.7}% 44
\BOOKMARK [2][-]{subsection.7.2.1}{\376\377\000I\000l\000\040\000f\000i\000l\000e\000\040\000.\000b\000a\000s\000h\000r\000c}{section.7.2}% 45
